<?xml version="1.0" encoding="UTF-8"?>
<testng-results ignored="0" total="0" passed="0" failed="0" skipped="0">
  <reporter-output>
  </reporter-output>
  <suite started-at="٢٠٢٥-٠٩-٢٧T٢١:٤٠:٠٠ AST" name="Web.TestFirefoxSimple" finished-at="٢٠٢٥-٠٩-٢٧T٢١:٤٠:٠٠ AST" duration-ms="22">
    <groups>
    </groups>
    <test started-at="٢٠٢٥-٠٩-٢٧T٢١:٤٠:٠٠ AST" name="Command line test" finished-at="٢٠٢٥-٠٩-٢٧T٢١:٤٠:٠٠ AST" duration-ms="22">
    </test> <!-- Command line test -->
  </suite> <!-- Web.TestFirefoxSimple -->
</testng-results>
